SF:lib\data\datasources\television_local_data_source.dart
DA:18,1
DA:21,1
DA:23,3
DA:26,2
DA:31,1
DA:33,3
DA:36,2
DA:41,1
DA:42,3
DA:44,1
DA:51,1
DA:52,3
DA:53,4
LF:13
LH:13
end_of_record
SF:lib\data\datasources\db\database_helper_television.dart
DA:7,0
DA:11,0
DA:12,0
DA:16,0
DA:17,0
DA:23,0
DA:24,0
DA:25,0
DA:27,0
DA:31,0
DA:32,0
DA:39,0
DA:42,0
DA:43,0
DA:44,0
DA:47,0
DA:48,0
DA:49,0
DA:52,0
DA:56,0
DA:57,0
DA:58,0
DA:61,0
DA:63,0
DA:64,0
DA:70,0
DA:71,0
DA:72,0
LF:28
LH:0
end_of_record
SF:lib\data\datasources\television_remote_data_source.dart
DA:29,1
DA:32,1
DA:34,5
DA:36,2
DA:37,4
DA:39,1
DA:44,1
DA:45,5
DA:47,2
DA:48,3
DA:50,1
DA:55,1
DA:57,5
DA:59,2
DA:60,4
DA:62,1
DA:67,1
DA:68,5
DA:70,2
DA:71,4
DA:73,1
DA:78,1
DA:80,5
DA:82,2
DA:83,4
DA:85,1
DA:90,1
DA:92,5
DA:94,2
DA:95,4
DA:97,1
LF:31
LH:31
end_of_record
SF:lib\data\models\television_model.dart
DA:5,4
DA:31,4
DA:32,2
DA:33,8
DA:34,2
DA:35,2
DA:36,2
DA:37,4
DA:38,2
DA:39,2
DA:40,2
DA:41,4
DA:42,2
DA:45,2
DA:46,1
DA:47,4
DA:48,1
DA:49,1
DA:50,1
DA:51,1
DA:52,1
DA:53,1
DA:54,1
DA:55,1
DA:56,1
DA:59,2
DA:60,2
DA:61,2
DA:62,2
DA:63,2
DA:64,2
DA:65,2
DA:66,2
DA:67,2
DA:68,2
DA:69,2
DA:70,2
DA:71,2
DA:75,2
DA:76,2
DA:77,2
DA:78,2
DA:79,2
DA:80,2
DA:81,2
DA:82,2
DA:83,2
DA:84,2
DA:85,2
DA:86,2
DA:87,2
LF:51
LH:51
end_of_record
SF:lib\data\models\television_model_detail.dart
DA:6,3
DA:46,1
DA:47,1
DA:48,1
DA:49,1
DA:50,1
DA:51,4
DA:52,1
DA:53,1
DA:54,1
DA:55,1
DA:56,1
DA:57,1
DA:58,1
DA:59,1
DA:60,2
DA:61,1
DA:62,1
DA:63,1
DA:64,1
DA:65,2
DA:66,1
DA:69,2
DA:70,1
DA:71,1
DA:72,5
DA:73,1
DA:74,1
DA:75,1
DA:76,1
DA:77,1
DA:78,1
DA:79,1
DA:80,1
DA:81,1
DA:82,1
DA:83,1
DA:84,1
DA:85,1
DA:86,1
DA:87,1
DA:90,2
DA:91,2
DA:92,2
DA:93,10
DA:94,2
DA:95,2
DA:96,2
DA:97,2
DA:98,2
DA:99,2
DA:100,2
DA:101,2
DA:105,1
DA:106,1
DA:107,1
DA:108,1
DA:109,1
DA:110,1
DA:111,1
DA:112,1
DA:113,1
DA:114,1
DA:115,1
DA:116,1
DA:117,1
DA:118,1
DA:119,1
DA:120,1
DA:121,1
DA:122,1
DA:123,1
DA:124,1
LF:73
LH:73
end_of_record
SF:lib\data\models\television_table.dart
DA:11,2
DA:18,2
DA:19,1
DA:20,1
DA:21,1
DA:22,1
DA:25,2
DA:26,1
DA:27,1
DA:28,1
DA:29,1
DA:32,0
DA:33,0
DA:34,0
DA:35,0
DA:36,0
DA:39,2
DA:40,1
DA:41,1
DA:42,1
DA:43,1
DA:46,2
DA:47,10
LF:23
LH:18
end_of_record
SF:lib\domain\entities\television.dart
DA:5,9
DA:19,2
DA:38,4
DA:39,4
DA:40,4
DA:41,4
DA:42,4
DA:43,4
DA:44,4
DA:45,4
DA:46,4
DA:47,4
DA:48,4
DA:49,4
DA:50,4
LF:15
LH:15
end_of_record
SF:lib\domain\entities\television_detail.dart
DA:5,16
DA:29,3
DA:30,3
DA:31,3
DA:32,3
DA:33,3
DA:34,3
DA:35,3
DA:36,3
DA:37,3
DA:38,3
DA:39,3
DA:40,3
LF:13
LH:13
end_of_record
SF:lib\domain\usecase\television_get_detail.dart
DA:9,1
DA:11,1
DA:12,2
LF:3
LH:3
end_of_record
SF:lib\domain\usecase\television_get_now_playing.dart
DA:9,1
DA:11,1
DA:12,2
LF:3
LH:3
end_of_record
SF:lib\domain\usecase\television_get_popular.dart
DA:9,1
DA:11,1
DA:12,2
LF:3
LH:3
end_of_record
SF:lib\domain\usecase\television_get_recommendation.dart
DA:9,1
DA:11,1
DA:12,2
LF:3
LH:3
end_of_record
SF:lib\domain\usecase\television_get_top_rated.dart
DA:9,1
DA:11,1
DA:12,2
LF:3
LH:3
end_of_record
SF:lib\domain\usecase\television_get_watchlist.dart
DA:9,1
DA:11,1
DA:12,2
LF:3
LH:3
end_of_record
SF:lib\domain\usecase\television_get_watchlist_status.dart
DA:6,1
DA:8,1
DA:9,2
LF:3
LH:3
end_of_record
SF:lib\domain\usecase\television_remove_watchlist.dart
DA:9,1
DA:11,1
DA:12,2
LF:3
LH:3
end_of_record
SF:lib\domain\usecase\television_save_watchlist.dart
DA:9,1
DA:11,1
DA:12,2
LF:3
LH:3
end_of_record
SF:lib\data\models\television_response.dart
DA:7,2
DA:9,4
DA:10,4
DA:11,6
DA:12,6
DA:15,2
DA:16,5
DA:19,1
DA:20,2
LF:9
LH:9
end_of_record
SF:lib\data\repositories\television_repository_impl.dart
DA:17,1
DA:23,1
DA:25,3
DA:26,5
DA:27,1
DA:29,1
DA:31,0
DA:37,1
DA:39,3
DA:40,2
DA:41,1
DA:43,1
DA:45,0
DA:51,1
DA:53,3
DA:54,3
DA:55,1
DA:57,1
DA:59,0
DA:65,1
DA:67,3
DA:68,5
DA:69,1
DA:71,1
DA:73,0
DA:79,1
DA:81,3
DA:82,5
DA:83,1
DA:85,1
DA:87,0
DA:93,1
DA:95,3
DA:96,5
DA:97,1
DA:99,1
DA:101,0
DA:107,1
DA:110,4
DA:111,1
DA:112,1
DA:113,3
DA:120,1
DA:123,4
DA:124,1
DA:125,1
DA:126,3
DA:131,1
DA:132,3
DA:137,1
DA:138,3
DA:139,5
LF:52
LH:46
end_of_record
SF:lib\presentation\bloc\television_detail\television_detail_state.dart
DA:4,4
DA:6,1
DA:7,1
DA:17,2
DA:19,1
DA:20,2
DA:26,3
DA:28,1
DA:29,2
LF:9
LH:9
end_of_record
SF:lib\presentation\bloc\television_detail\television_detail_event.dart
DA:4,2
DA:6,0
DA:7,0
DA:13,2
DA:15,0
DA:16,0
LF:6
LH:2
end_of_record
SF:lib\presentation\bloc\television_detail\television_detail_bloc.dart
DA:11,1
DA:13,2
DA:14,2
DA:15,2
DA:16,4
DA:17,1
DA:18,1
DA:19,3
DA:21,1
DA:22,2
LF:10
LH:10
end_of_record
SF:lib\presentation\bloc\television_on_air\television_on_air_event.dart
DA:4,3
DA:6,1
DA:7,1
DA:17,2
DA:19,1
DA:20,2
DA:26,2
DA:28,1
DA:29,2
LF:9
LH:9
end_of_record
SF:lib\presentation\bloc\television_on_air\television_on_air_state.dart
DA:4,2
DA:6,0
DA:7,0
LF:3
LH:1
end_of_record
SF:lib\presentation\bloc\television_on_air\television_on_air_bloc.dart
DA:12,1
DA:14,2
DA:15,2
DA:16,2
DA:17,3
DA:18,1
DA:19,1
DA:20,3
DA:22,1
DA:23,2
LF:10
LH:10
end_of_record
SF:lib\presentation\bloc\television_popular\television_popular_event.dart
DA:4,3
DA:6,0
DA:7,0
LF:3
LH:1
end_of_record
SF:lib\presentation\bloc\television_popular\television_popular_state.dart
DA:4,4
DA:6,1
DA:7,1
DA:17,2
DA:19,1
DA:20,2
DA:26,3
DA:28,1
DA:29,2
LF:9
LH:9
end_of_record
SF:lib\presentation\bloc\television_popular\television_popular_bloc.dart
DA:12,1
DA:14,2
DA:15,2
DA:16,2
DA:17,3
DA:18,1
DA:19,1
DA:20,3
DA:22,1
DA:23,2
LF:10
LH:10
end_of_record
SF:lib\presentation\bloc\television_recommend\television_recommend_state.dart
DA:4,3
DA:6,1
DA:7,1
DA:17,2
DA:19,1
DA:20,2
DA:26,3
DA:28,1
DA:29,2
LF:9
LH:9
end_of_record
SF:lib\presentation\bloc\television_recommend\television_recommend_event.dart
DA:4,2
DA:6,0
DA:7,0
DA:13,2
DA:15,0
DA:16,0
LF:6
LH:2
end_of_record
SF:lib\presentation\bloc\television_recommend\television_recommend_bloc.dart
DA:12,1
DA:14,2
DA:15,2
DA:16,2
DA:17,4
DA:18,1
DA:19,1
DA:20,3
DA:22,1
DA:23,2
LF:10
LH:10
end_of_record
SF:lib\presentation\bloc\television_top_rated\television_top_rated_event.dart
DA:4,3
DA:6,0
DA:7,0
LF:3
LH:1
end_of_record
SF:lib\presentation\bloc\television_top_rated\television_top_rated_state.dart
DA:4,4
DA:6,1
DA:7,1
DA:17,2
DA:19,1
DA:20,2
DA:26,3
DA:28,1
DA:29,2
LF:9
LH:9
end_of_record
SF:lib\presentation\bloc\television_top_rated\television_top_rated_bloc.dart
DA:12,1
DA:14,2
DA:15,2
DA:16,2
DA:17,3
DA:18,1
DA:19,1
DA:20,3
DA:22,1
DA:23,2
LF:10
LH:10
end_of_record
SF:lib\presentation\bloc\television_watchlist\television_watchlist_event.dart
DA:4,4
DA:6,1
DA:7,1
DA:15,2
DA:17,1
DA:18,2
DA:24,1
DA:26,1
DA:27,2
DA:33,1
DA:35,1
DA:36,2
LF:12
LH:12
end_of_record
SF:lib\presentation\bloc\television_watchlist\television_watchlist_bloc.dart
DA:22,1
DA:27,2
DA:28,2
DA:29,2
DA:30,3
DA:31,1
DA:32,1
DA:33,3
DA:35,1
DA:36,2
DA:41,2
DA:42,1
DA:43,3
DA:45,2
DA:48,2
DA:49,1
DA:50,3
DA:52,1
DA:53,1
DA:54,3
DA:56,1
DA:57,2
DA:62,2
DA:63,1
DA:64,3
DA:66,1
DA:67,1
DA:68,3
DA:70,1
DA:71,2
LF:30
LH:30
end_of_record
SF:lib\presentation\bloc\television_watchlist\television_watchlist_state.dart
DA:4,5
DA:6,1
DA:7,1
DA:17,3
DA:19,1
DA:20,2
DA:26,2
DA:28,1
DA:29,2
DA:35,3
DA:37,1
DA:38,2
DA:44,2
DA:46,1
DA:47,2
LF:15
LH:15
end_of_record
SF:lib\presentation\pages\television_detail_page.dart
DA:17,1
DA:19,1
DA:20,1
DA:24,1
DA:26,1
DA:27,2
DA:28,6
DA:29,6
DA:30,6
DA:34,1
DA:37,2
DA:38,1
DA:40,1
DA:41,0
DA:42,0
DA:43,0
DA:44,0
DA:46,0
DA:49,1
DA:50,1
DA:51,1
DA:55,1
DA:56,1
DA:58,1
DA:59,2
DA:60,0
DA:62,0
DA:64,1
DA:65,1
DA:67,1
DA:68,1
DA:69,0
DA:88,1
DA:90,1
DA:92,1
DA:94,3
DA:95,1
DA:96,1
DA:97,1
DA:98,3
DA:100,1
DA:103,0
DA:105,1
DA:107,1
DA:108,1
DA:109,1
DA:119,1
DA:120,1
DA:121,1
DA:123,1
DA:125,1
DA:127,1
DA:128,1
DA:129,2
DA:130,1
DA:132,1
DA:133,0
DA:134,0
DA:135,0
DA:136,0
DA:138,0
DA:139,0
DA:142,1
DA:144,1
DA:145,1
DA:152,1
DA:153,3
DA:155,1
DA:156,2
DA:158,1
DA:159,1
DA:160,1
DA:161,3
DA:163,1
DA:169,4
DA:173,1
DA:175,1
DA:177,1
DA:178,2
DA:181,1
DA:183,1
DA:185,1
DA:186,1
DA:187,1
DA:191,1
DA:192,0
DA:193,1
DA:194,1
DA:195,1
DA:198,1
DA:200,1
DA:202,1
DA:203,1
DA:204,1
DA:206,1
DA:207,0
DA:208,0
DA:211,0
DA:214,1
DA:219,1
DA:221,2
DA:222,1
DA:228,0
DA:235,1
DA:239,0
DA:247,1
DA:249,1
DA:264,1
DA:266,1
DA:269,1
DA:271,0
DA:272,0
DA:281,1
DA:283,2
DA:284,3
DA:287,1
DA:291,3
LF:117
LH:94
end_of_record
SF:lib\presentation\pages\television_home_page.dart
DA:19,1
DA:21,1
DA:22,1
DA:27,1
DA:29,1
DA:30,2
DA:31,4
DA:32,4
DA:33,4
DA:37,1
DA:39,1
DA:40,1
DA:41,1
DA:42,1
DA:50,1
DA:53,0
DA:54,0
DA:57,1
DA:60,0
DA:61,0
DA:64,1
DA:67,1
DA:68,1
DA:71,0
DA:72,0
DA:75,1
DA:78,0
DA:79,0
DA:85,1
DA:86,0
DA:87,0
DA:95,1
DA:97,1
DA:98,1
DA:99,0
DA:100,0
DA:106,1
DA:108,1
DA:109,1
DA:111,1
DA:112,1
DA:114,1
DA:116,1
DA:117,1
DA:118,1
DA:122,1
DA:123,2
DA:124,0
DA:125,0
DA:131,1
DA:133,0
DA:136,1
DA:137,1
DA:138,1
DA:142,1
DA:143,2
DA:144,0
DA:145,0
DA:151,1
DA:153,0
DA:156,1
DA:157,1
DA:158,1
DA:162,1
DA:163,2
DA:164,0
DA:165,0
DA:178,1
DA:179,1
DA:181,1
DA:182,1
DA:184,1
DA:186,1
DA:188,1
DA:190,1
DA:203,2
DA:205,1
DA:207,1
DA:209,1
DA:211,1
DA:212,2
DA:213,1
DA:215,1
DA:216,0
DA:217,0
DA:220,0
DA:223,1
DA:225,1
DA:226,2
DA:227,1
DA:230,0
DA:236,2
LF:92
LH:68
end_of_record
SF:lib\presentation\pages\television_popular_page.dart
DA:9,1
DA:11,1
DA:12,1
DA:16,1
DA:18,1
DA:19,2
DA:20,4
DA:24,1
DA:26,1
DA:28,1
DA:31,1
DA:33,1
DA:34,1
DA:35,1
DA:39,1
DA:40,1
DA:41,1
DA:42,2
DA:43,1
DA:45,2
LF:20
LH:20
end_of_record
SF:lib\presentation\pages\television_top_rated_page.dart
DA:9,1
DA:11,1
DA:12,1
DA:16,1
DA:18,1
DA:19,2
DA:20,4
DA:24,1
DA:26,1
DA:28,1
DA:31,1
DA:33,1
DA:34,1
DA:35,1
DA:39,1
DA:40,1
DA:41,1
DA:42,2
DA:43,1
DA:45,2
LF:20
LH:20
end_of_record
SF:lib\presentation\pages\television_watchlist_page.dart
DA:10,1
DA:12,1
DA:14,1
DA:19,1
DA:21,1
DA:22,2
DA:23,4
DA:27,1
DA:29,1
DA:30,4
DA:33,0
DA:35,0
DA:38,1
DA:40,1
DA:42,1
DA:45,1
DA:47,1
DA:48,1
DA:49,1
DA:53,1
DA:54,1
DA:55,1
DA:56,2
DA:57,1
DA:59,2
DA:73,1
DA:75,2
DA:76,1
LF:28
LH:26
end_of_record
