SF:lib\data\datasources\db\database_helper_television.dart
DA:7,0
DA:11,0
DA:12,0
DA:16,0
DA:17,0
DA:23,0
DA:24,0
DA:25,0
DA:27,0
DA:31,0
DA:32,0
DA:39,0
DA:42,0
DA:43,0
DA:44,0
DA:47,0
DA:48,0
DA:49,0
DA:52,0
DA:56,0
DA:57,0
DA:58,0
DA:61,0
DA:63,0
DA:64,0
DA:70,0
DA:71,0
DA:72,0
LF:28
LH:0
end_of_record
SF:lib\data\datasources\television_local_data_source.dart
DA:18,1
DA:21,1
DA:23,3
DA:26,2
DA:31,1
DA:33,3
DA:36,2
DA:41,1
DA:42,3
DA:44,1
DA:51,1
DA:52,3
DA:53,4
LF:13
LH:13
end_of_record
SF:lib\data\datasources\television_remote_data_source.dart
DA:29,0
DA:32,0
DA:34,0
DA:36,0
DA:37,0
DA:39,0
DA:44,0
DA:45,0
DA:47,0
DA:48,0
DA:50,0
DA:55,0
DA:57,0
DA:59,0
DA:60,0
DA:62,0
DA:67,0
DA:68,0
DA:70,0
DA:71,0
DA:73,0
DA:78,0
DA:80,0
DA:82,0
DA:83,0
DA:85,0
DA:90,0
DA:92,0
DA:94,0
DA:95,0
DA:97,0
LF:31
LH:0
end_of_record
SF:lib\data\models\television_model.dart
DA:5,3
DA:31,0
DA:32,0
DA:33,0
DA:34,0
DA:35,0
DA:36,0
DA:37,0
DA:38,0
DA:39,0
DA:40,0
DA:41,0
DA:42,0
DA:45,2
DA:46,1
DA:47,4
DA:48,1
DA:49,1
DA:50,1
DA:51,1
DA:52,1
DA:53,1
DA:54,1
DA:55,1
DA:56,1
DA:59,2
DA:60,2
DA:61,2
DA:62,2
DA:63,2
DA:64,2
DA:65,2
DA:66,2
DA:67,2
DA:68,2
DA:69,2
DA:70,2
DA:71,2
DA:75,0
DA:76,0
DA:77,0
DA:78,0
DA:79,0
DA:80,0
DA:81,0
DA:82,0
DA:83,0
DA:84,0
DA:85,0
DA:86,0
DA:87,0
LF:51
LH:26
end_of_record
SF:lib\data\models\television_model_detail.dart
DA:6,2
DA:46,0
DA:47,0
DA:48,0
DA:49,0
DA:50,0
DA:51,0
DA:52,0
DA:53,0
DA:54,0
DA:55,0
DA:56,0
DA:57,0
DA:58,0
DA:59,0
DA:60,0
DA:61,0
DA:62,0
DA:63,0
DA:64,0
DA:65,0
DA:66,0
DA:69,2
DA:70,1
DA:71,1
DA:72,5
DA:73,1
DA:74,1
DA:75,1
DA:76,1
DA:77,1
DA:78,1
DA:79,1
DA:80,1
DA:81,1
DA:82,1
DA:83,1
DA:84,1
DA:85,1
DA:86,1
DA:87,1
DA:90,2
DA:91,2
DA:92,2
DA:93,10
DA:94,2
DA:95,2
DA:96,2
DA:97,2
DA:98,2
DA:99,2
DA:100,2
DA:101,2
DA:105,0
DA:106,0
DA:107,0
DA:108,0
DA:109,0
DA:110,0
DA:111,0
DA:112,0
DA:113,0
DA:114,0
DA:115,0
DA:116,0
DA:117,0
DA:118,0
DA:119,0
DA:120,0
DA:121,0
DA:122,0
DA:123,0
DA:124,0
LF:73
LH:32
end_of_record
SF:lib\data\models\television_table.dart
DA:11,2
DA:18,2
DA:19,1
DA:20,1
DA:21,1
DA:22,1
DA:25,2
DA:26,1
DA:27,1
DA:28,1
DA:29,1
DA:32,0
DA:33,0
DA:34,0
DA:35,0
DA:36,0
DA:39,2
DA:40,1
DA:41,1
DA:42,1
DA:43,1
DA:46,2
DA:47,10
LF:23
LH:18
end_of_record
SF:lib\domain\entities\television.dart
DA:5,7
DA:19,1
DA:38,2
DA:39,2
DA:40,2
DA:41,2
DA:42,2
DA:43,2
DA:44,2
DA:45,2
DA:46,2
DA:47,2
DA:48,2
DA:49,2
DA:50,2
LF:15
LH:15
end_of_record
SF:lib\domain\entities\television_detail.dart
DA:5,12
DA:29,2
DA:30,2
DA:31,2
DA:32,2
DA:33,2
DA:34,2
DA:35,2
DA:36,2
DA:37,2
DA:38,2
DA:39,2
DA:40,2
LF:13
LH:13
end_of_record
SF:lib\domain\usecase\television_get_detail.dart
DA:9,1
DA:11,1
DA:12,2
LF:3
LH:3
end_of_record
SF:lib\domain\usecase\television_get_now_playing.dart
DA:9,1
DA:11,1
DA:12,2
LF:3
LH:3
end_of_record
SF:lib\domain\usecase\television_get_popular.dart
DA:9,1
DA:11,1
DA:12,2
LF:3
LH:3
end_of_record
SF:lib\domain\usecase\television_get_recommendation.dart
DA:9,1
DA:11,1
DA:12,2
LF:3
LH:3
end_of_record
SF:lib\domain\usecase\television_get_top_rated.dart
DA:9,1
DA:11,1
DA:12,2
LF:3
LH:3
end_of_record
SF:lib\domain\usecase\television_get_watchlist.dart
DA:9,1
DA:11,1
DA:12,2
LF:3
LH:3
end_of_record
SF:lib\domain\usecase\television_get_watchlist_status.dart
DA:6,1
DA:8,1
DA:9,2
LF:3
LH:3
end_of_record
SF:lib\domain\usecase\television_remove_watchlist.dart
DA:9,1
DA:11,1
DA:12,2
LF:3
LH:3
end_of_record
SF:lib\domain\usecase\television_save_watchlist.dart
DA:9,1
DA:11,1
DA:12,2
LF:3
LH:3
end_of_record
SF:lib\data\models\television_response.dart
DA:7,1
DA:9,0
DA:10,0
DA:11,0
DA:12,0
DA:15,2
DA:16,5
DA:19,0
DA:20,0
LF:9
LH:3
end_of_record
SF:lib\data\repositories\television_repository_impl.dart
DA:17,1
DA:23,1
DA:25,3
DA:26,5
DA:27,1
DA:29,1
DA:31,1
DA:37,1
DA:39,3
DA:40,2
DA:41,1
DA:43,1
DA:45,1
DA:51,1
DA:53,3
DA:54,3
DA:55,1
DA:57,1
DA:59,1
DA:65,1
DA:67,3
DA:68,5
DA:69,1
DA:71,1
DA:73,1
DA:79,1
DA:81,3
DA:82,5
DA:83,1
DA:85,1
DA:87,1
DA:93,1
DA:95,3
DA:96,5
DA:97,1
DA:99,1
DA:101,1
DA:107,1
DA:110,4
DA:111,1
DA:112,1
DA:113,0
DA:120,1
DA:123,4
DA:124,1
DA:125,1
DA:126,0
DA:131,1
DA:132,3
DA:137,1
DA:138,3
DA:139,5
LF:52
LH:50
end_of_record
SF:lib\presentation\bloc\television_detail\television_detail_state.dart
DA:4,0
DA:6,0
DA:7,0
DA:17,0
DA:19,0
DA:20,0
DA:26,0
DA:28,0
DA:29,0
LF:9
LH:0
end_of_record
SF:lib\presentation\bloc\television_detail\television_detail_event.dart
DA:4,0
DA:6,0
DA:7,0
DA:13,0
DA:15,0
DA:16,0
LF:6
LH:0
end_of_record
SF:lib\presentation\bloc\television_detail\television_detail_bloc.dart
DA:11,0
DA:13,0
DA:14,0
DA:15,0
DA:16,0
DA:17,0
DA:18,0
DA:19,0
DA:21,0
DA:22,0
LF:10
LH:0
end_of_record
SF:lib\presentation\bloc\television_on_air\television_on_air_event.dart
DA:4,1
DA:6,0
DA:7,0
DA:17,0
DA:19,0
DA:20,0
DA:26,1
DA:28,0
DA:29,0
LF:9
LH:2
end_of_record
SF:lib\presentation\bloc\television_on_air\television_on_air_state.dart
DA:4,1
DA:6,0
DA:7,0
LF:3
LH:1
end_of_record
SF:lib\presentation\bloc\television_on_air\television_on_air_bloc.dart
DA:12,0
DA:14,0
DA:15,0
DA:16,0
DA:17,0
DA:18,0
DA:19,0
DA:20,0
DA:22,0
DA:23,0
LF:10
LH:0
end_of_record
SF:lib\presentation\bloc\television_popular\television_popular_event.dart
DA:4,2
DA:6,0
DA:7,0
LF:3
LH:1
end_of_record
SF:lib\presentation\bloc\television_popular\television_popular_state.dart
DA:4,2
DA:6,0
DA:7,0
DA:17,0
DA:19,0
DA:20,0
DA:26,2
DA:28,0
DA:29,0
LF:9
LH:2
end_of_record
SF:lib\presentation\bloc\television_popular\television_popular_bloc.dart
DA:12,0
DA:14,0
DA:15,0
DA:16,0
DA:17,0
DA:18,0
DA:19,0
DA:20,0
DA:22,0
DA:23,0
LF:10
LH:0
end_of_record
SF:lib\presentation\bloc\television_recommend\television_recommend_state.dart
DA:4,0
DA:6,0
DA:7,0
DA:17,0
DA:19,0
DA:20,0
DA:26,0
DA:28,0
DA:29,0
LF:9
LH:0
end_of_record
SF:lib\presentation\bloc\television_recommend\television_recommend_event.dart
DA:4,0
DA:6,0
DA:7,0
DA:13,0
DA:15,0
DA:16,0
LF:6
LH:0
end_of_record
SF:lib\presentation\bloc\television_recommend\television_recommend_bloc.dart
DA:12,0
DA:14,0
DA:15,0
DA:16,0
DA:17,0
DA:18,0
DA:19,0
DA:20,0
DA:22,0
DA:23,0
LF:10
LH:0
end_of_record
SF:lib\presentation\bloc\television_top_rated\television_top_rated_event.dart
DA:4,2
DA:6,0
DA:7,0
LF:3
LH:1
end_of_record
SF:lib\presentation\bloc\television_top_rated\television_top_rated_state.dart
DA:4,2
DA:6,0
DA:7,0
DA:17,0
DA:19,0
DA:20,0
DA:26,2
DA:28,0
DA:29,0
LF:9
LH:2
end_of_record
SF:lib\presentation\bloc\television_top_rated\television_top_rated_bloc.dart
DA:12,0
DA:14,0
DA:15,0
DA:16,0
DA:17,0
DA:18,0
DA:19,0
DA:20,0
DA:22,0
DA:23,0
LF:10
LH:0
end_of_record
SF:lib\presentation\bloc\television_watchlist\television_watchlist_event.dart
DA:4,1
DA:6,0
DA:7,0
DA:15,0
DA:17,0
DA:18,0
DA:24,0
DA:26,0
DA:27,0
DA:33,0
DA:35,0
DA:36,0
LF:12
LH:1
end_of_record
SF:lib\presentation\bloc\television_watchlist\television_watchlist_bloc.dart
DA:22,0
DA:27,0
DA:28,0
DA:29,0
DA:30,0
DA:31,0
DA:32,0
DA:33,0
DA:35,0
DA:36,0
DA:41,0
DA:42,0
DA:43,0
DA:45,0
DA:48,0
DA:49,0
DA:50,0
DA:52,0
DA:53,0
DA:54,0
DA:56,0
DA:57,0
DA:62,0
DA:63,0
DA:64,0
DA:66,0
DA:67,0
DA:68,0
DA:70,0
DA:71,0
LF:30
LH:0
end_of_record
SF:lib\presentation\bloc\television_watchlist\television_watchlist_state.dart
DA:4,2
DA:6,0
DA:7,0
DA:17,1
DA:19,0
DA:20,0
DA:26,0
DA:28,0
DA:29,0
DA:35,1
DA:37,0
DA:38,0
DA:44,0
DA:46,0
DA:47,0
LF:15
LH:3
end_of_record
SF:lib\presentation\pages\television_detail_page.dart
DA:17,0
DA:19,0
DA:20,0
DA:24,0
DA:26,0
DA:27,0
DA:28,0
DA:29,0
DA:30,0
DA:34,0
DA:37,0
DA:38,0
DA:39,0
DA:40,0
DA:41,0
DA:42,0
DA:43,0
DA:45,0
DA:48,0
DA:49,0
DA:50,0
DA:54,0
DA:55,0
DA:57,0
DA:58,0
DA:59,0
DA:61,0
DA:63,0
DA:64,0
DA:66,0
DA:67,0
DA:68,0
DA:87,0
DA:89,0
DA:91,0
DA:93,0
DA:94,0
DA:95,0
DA:96,0
DA:97,0
DA:99,0
DA:102,0
DA:104,0
DA:106,0
DA:107,0
DA:108,0
DA:118,0
DA:119,0
DA:120,0
DA:122,0
DA:124,0
DA:126,0
DA:127,0
DA:128,0
DA:129,0
DA:131,0
DA:132,0
DA:133,0
DA:134,0
DA:135,0
DA:137,0
DA:138,0
DA:141,0
DA:143,0
DA:144,0
DA:151,0
DA:152,0
DA:154,0
DA:155,0
DA:157,0
DA:158,0
DA:159,0
DA:160,0
DA:162,0
DA:168,0
DA:172,0
DA:174,0
DA:176,0
DA:177,0
DA:180,0
DA:182,0
DA:184,0
DA:185,0
DA:186,0
DA:190,0
DA:191,0
DA:192,0
DA:193,0
DA:194,0
DA:197,0
DA:199,0
DA:201,0
DA:202,0
DA:203,0
DA:205,0
DA:206,0
DA:207,0
DA:210,0
DA:213,0
DA:218,0
DA:220,0
DA:221,0
DA:227,0
DA:234,0
DA:238,0
DA:246,0
DA:248,0
DA:263,0
DA:265,0
DA:268,0
DA:270,0
DA:271,0
DA:280,0
DA:282,0
DA:283,0
DA:286,0
DA:290,0
LF:117
LH:0
end_of_record
SF:lib\presentation\pages\television_home_page.dart
DA:19,1
DA:21,1
DA:22,1
DA:27,1
DA:29,1
DA:30,2
DA:31,4
DA:32,4
DA:33,4
DA:37,1
DA:39,1
DA:40,1
DA:41,1
DA:42,1
DA:50,1
DA:53,0
DA:54,0
DA:57,1
DA:60,0
DA:61,0
DA:64,1
DA:67,1
DA:68,1
DA:71,0
DA:72,0
DA:75,1
DA:78,0
DA:79,0
DA:85,1
DA:86,0
DA:87,0
DA:95,1
DA:97,1
DA:98,1
DA:99,0
DA:100,0
DA:106,1
DA:108,1
DA:109,1
DA:111,1
DA:112,1
DA:114,1
DA:116,1
DA:117,1
DA:118,1
DA:122,1
DA:123,2
DA:124,0
DA:125,0
DA:131,1
DA:133,0
DA:136,1
DA:137,1
DA:138,1
DA:142,1
DA:143,2
DA:144,0
DA:145,0
DA:151,1
DA:153,0
DA:156,1
DA:157,1
DA:158,1
DA:162,1
DA:163,2
DA:164,0
DA:165,0
DA:178,1
DA:179,1
DA:181,1
DA:182,1
DA:184,1
DA:186,1
DA:188,1
DA:190,1
DA:203,2
DA:205,1
DA:207,1
DA:209,1
DA:211,1
DA:212,2
DA:213,1
DA:215,1
DA:216,0
DA:217,0
DA:220,0
DA:223,1
DA:225,1
DA:226,2
DA:227,1
DA:230,0
DA:236,2
LF:92
LH:68
end_of_record
SF:lib\presentation\pages\television_popular_page.dart
DA:9,1
DA:11,1
DA:12,1
DA:16,1
DA:18,1
DA:19,2
DA:20,4
DA:24,1
DA:26,1
DA:27,1
DA:30,1
DA:32,1
DA:33,1
DA:34,1
DA:38,1
DA:39,1
DA:40,1
DA:41,2
DA:42,1
DA:44,2
LF:20
LH:20
end_of_record
SF:lib\presentation\pages\television_top_rated_page.dart
DA:9,1
DA:11,1
DA:12,1
DA:16,1
DA:18,1
DA:19,2
DA:20,4
DA:24,1
DA:26,1
DA:27,1
DA:30,1
DA:32,1
DA:33,1
DA:34,1
DA:38,1
DA:39,1
DA:40,1
DA:41,2
DA:42,1
DA:44,2
LF:20
LH:20
end_of_record
SF:lib\presentation\pages\television_watchlist_page.dart
DA:10,1
DA:12,1
DA:14,1
DA:19,1
DA:21,1
DA:22,2
DA:23,4
DA:27,1
DA:29,1
DA:30,4
DA:33,0
DA:35,0
DA:38,1
DA:40,1
DA:41,1
DA:44,1
DA:46,1
DA:47,1
DA:48,1
DA:52,1
DA:53,1
DA:54,1
DA:55,2
DA:56,1
DA:58,2
DA:72,1
DA:74,2
DA:75,1
LF:28
LH:26
end_of_record
