SF:lib\domain\usecases\search_movies.dart
DA:9,1
DA:11,1
DA:12,2
LF:3
LH:3
end_of_record
SF:lib\domain\usecases\search_television.dart
DA:9,1
DA:11,1
DA:12,2
LF:3
LH:3
end_of_record
SF:lib\presentation\pages\search_pages_television.dart
DA:10,1
DA:12,1
DA:14,1
DA:16,1
DA:19,1
DA:21,1
DA:23,1
DA:24,1
DA:25,0
DA:26,0
DA:36,1
DA:38,1
DA:40,1
DA:41,1
DA:42,1
DA:46,1
DA:47,1
DA:48,1
DA:49,1
DA:51,1
DA:52,2
DA:53,1
DA:55,1
DA:58,1
DA:64,0
DA:65,0
LF:26
LH:22
end_of_record
SF:lib\presentation\bloc\search_movies\search_movies_state.dart
DA:4,4
DA:6,1
DA:7,1
DA:17,3
DA:19,1
DA:20,2
DA:26,2
DA:28,1
DA:29,2
LF:9
LH:9
end_of_record
SF:lib\presentation\bloc\search_movies\search_movies_event.dart
DA:4,1
DA:6,0
DA:7,0
DA:15,1
DA:17,0
DA:18,0
LF:6
LH:2
end_of_record
SF:lib\presentation\bloc\search_movies\search_movies_bloc.dart
DA:12,1
DA:14,2
DA:15,1
DA:16,2
DA:17,2
DA:18,4
DA:19,1
DA:20,1
DA:21,3
DA:23,1
DA:24,2
LF:11
LH:11
end_of_record
SF:lib\presentation\bloc\search_television\search_television_state.dart
DA:4,1
DA:6,0
DA:7,0
DA:15,1
DA:17,0
DA:18,0
LF:6
LH:2
end_of_record
SF:lib\presentation\bloc\search_television\search_television_event.dart
DA:4,4
DA:6,1
DA:7,1
DA:17,3
DA:19,1
DA:20,2
DA:26,2
DA:28,1
DA:29,2
LF:9
LH:9
end_of_record
SF:lib\presentation\bloc\search_television\search_television_bloc.dart
DA:12,1
DA:14,2
DA:15,1
DA:17,2
DA:18,2
DA:19,4
DA:20,1
DA:21,1
DA:22,3
DA:24,1
DA:25,2
LF:11
LH:11
end_of_record
SF:lib\presentation\pages\search_pages_movies.dart
DA:10,1
DA:12,1
DA:14,1
DA:16,1
DA:19,1
DA:21,1
DA:23,1
DA:24,1
DA:25,0
DA:27,0
DA:28,0
DA:38,1
DA:40,1
DA:42,1
DA:43,1
DA:44,1
DA:48,1
DA:49,1
DA:50,1
DA:51,1
DA:53,1
DA:54,2
DA:55,1
DA:57,1
DA:60,1
DA:66,0
DA:67,0
LF:27
LH:22
end_of_record
