SF:lib\data\datasources\db\database_helper.dart
DA:9,0
DA:13,0
DA:14,0
DA:18,0
DA:19,0
DA:25,0
DA:26,0
DA:27,0
DA:29,0
DA:33,0
DA:34,0
DA:41,0
DA:44,0
DA:45,0
DA:46,0
DA:49,0
DA:50,0
DA:51,0
DA:54,0
DA:58,0
DA:59,0
DA:60,0
DA:63,0
DA:66,0
DA:67,0
DA:73,0
DA:74,0
DA:75,0
LF:28
LH:0
end_of_record
SF:lib\data\datasources\movie_local_data_source.dart
DA:18,1
DA:21,1
DA:23,3
DA:26,2
DA:31,1
DA:33,3
DA:36,2
DA:41,1
DA:42,3
DA:44,1
DA:51,1
DA:52,3
DA:53,4
LF:13
LH:13
end_of_record
SF:lib\data\datasources\movie_remote_data_source.dart
DA:24,1
DA:27,1
DA:29,5
DA:31,2
DA:32,4
DA:34,1
DA:39,1
DA:40,5
DA:42,2
DA:43,3
DA:45,1
DA:50,1
DA:51,2
DA:52,3
DA:54,2
DA:55,4
DA:57,1
DA:62,1
DA:64,5
DA:66,2
DA:67,4
DA:69,1
DA:74,1
DA:76,5
DA:78,2
DA:79,4
DA:81,1
DA:86,1
DA:87,2
DA:88,3
DA:90,2
DA:91,4
DA:93,1
LF:33
LH:33
end_of_record
SF:lib\data\model\movie_detail_model.dart
DA:6,4
DA:52,2
DA:53,2
DA:54,2
DA:55,2
DA:56,2
DA:57,2
DA:58,6
DA:59,2
DA:60,2
DA:61,2
DA:62,2
DA:63,2
DA:64,2
DA:65,4
DA:66,2
DA:67,2
DA:68,2
DA:69,2
DA:70,2
DA:71,2
DA:72,2
DA:73,2
DA:74,4
DA:75,2
DA:78,2
DA:79,1
DA:80,1
DA:81,1
DA:82,3
DA:83,1
DA:84,1
DA:85,1
DA:86,1
DA:87,1
DA:88,1
DA:89,1
DA:90,1
DA:91,1
DA:92,1
DA:93,1
DA:94,1
DA:95,1
DA:96,1
DA:97,1
DA:98,1
DA:99,1
DA:102,2
DA:103,2
DA:104,2
DA:105,2
DA:106,8
DA:107,2
DA:108,2
DA:109,2
DA:110,2
DA:111,2
DA:112,2
DA:113,2
DA:114,2
DA:115,2
DA:119,2
DA:120,2
DA:121,2
DA:122,2
DA:123,2
DA:124,2
DA:125,2
DA:126,2
DA:127,2
DA:128,2
DA:129,2
DA:130,2
DA:131,2
DA:132,2
DA:133,2
DA:134,2
DA:135,2
DA:136,2
DA:137,2
DA:138,2
DA:139,2
DA:140,2
DA:141,2
LF:84
LH:84
end_of_record
SF:lib\data\model\movie_model.dart
DA:5,3
DA:35,2
DA:36,1
DA:37,1
DA:38,4
DA:39,1
DA:40,1
DA:41,1
DA:42,2
DA:43,1
DA:44,1
DA:45,1
DA:46,1
DA:47,2
DA:48,1
DA:51,0
DA:52,0
DA:53,0
DA:54,0
DA:55,0
DA:56,0
DA:57,0
DA:58,0
DA:59,0
DA:60,0
DA:61,0
DA:62,0
DA:63,0
DA:64,0
DA:67,2
DA:68,2
DA:69,2
DA:70,2
DA:71,2
DA:72,2
DA:73,2
DA:74,2
DA:75,2
DA:76,2
DA:77,2
DA:78,2
DA:79,2
DA:80,2
DA:81,2
DA:85,1
DA:86,1
DA:87,1
DA:88,1
DA:89,1
DA:90,1
DA:91,1
DA:92,1
DA:93,1
DA:94,1
DA:95,1
DA:96,1
DA:97,1
DA:98,1
DA:99,1
LF:59
LH:45
end_of_record
SF:lib\data\model\movie_table.dart
DA:11,19
DA:18,2
DA:19,1
DA:20,1
DA:21,1
DA:22,1
DA:25,2
DA:26,1
DA:27,1
DA:28,1
DA:29,1
DA:32,0
DA:33,0
DA:34,0
DA:35,0
DA:36,0
DA:39,2
DA:40,1
DA:41,1
DA:42,1
DA:43,1
DA:46,2
DA:47,10
LF:23
LH:18
end_of_record
SF:lib\domain\entities\movie.dart
DA:5,12
DA:21,2
DA:42,7
DA:43,7
DA:44,7
DA:45,7
DA:46,7
DA:47,7
DA:48,7
DA:49,7
DA:50,7
DA:51,7
DA:52,7
DA:53,7
DA:54,7
DA:55,7
DA:56,7
LF:17
LH:17
end_of_record
SF:lib\domain\entities\movie_detail.dart
DA:5,19
DA:33,3
DA:34,3
DA:35,3
DA:36,3
DA:37,3
DA:38,3
DA:39,3
DA:40,3
DA:41,3
DA:42,3
DA:43,3
DA:44,3
DA:45,3
LF:14
LH:14
end_of_record
SF:lib\domain\usecases\get_movie_detail.dart
DA:9,1
DA:11,1
DA:12,2
LF:3
LH:3
end_of_record
SF:lib\domain\usecases\get_movie_recommendations.dart
DA:9,0
DA:11,0
DA:12,0
LF:3
LH:0
end_of_record
SF:lib\domain\usecases\get_now_playing_movies.dart
DA:9,1
DA:11,1
DA:12,2
LF:3
LH:3
end_of_record
SF:lib\domain\usecases\get_popular_movies.dart
DA:10,1
DA:12,1
DA:13,2
LF:3
LH:3
end_of_record
SF:lib\domain\usecases\get_top_rated_movies.dart
DA:9,1
DA:11,1
DA:12,2
LF:3
LH:3
end_of_record
SF:lib\domain\usecases\get_watchlist_movies.dart
DA:9,1
DA:11,1
DA:12,2
LF:3
LH:3
end_of_record
SF:lib\domain\usecases\get_watchlist_status.dart
DA:6,1
DA:8,1
DA:9,2
LF:3
LH:3
end_of_record
SF:lib\domain\usecases\remove_watchlist.dart
DA:9,1
DA:11,1
DA:12,2
LF:3
LH:3
end_of_record
SF:lib\domain\usecases\save_watchlist.dart
DA:9,1
DA:11,1
DA:12,2
LF:3
LH:3
end_of_record
SF:lib\presentation\pages\home_movie_page.dart
DA:21,25
DA:23,1
DA:24,1
DA:29,1
DA:31,1
DA:32,2
DA:33,4
DA:34,4
DA:35,4
DA:39,1
DA:41,1
DA:42,1
DA:43,1
DA:44,1
DA:52,1
DA:55,0
DA:56,0
DA:59,1
DA:62,0
DA:63,0
DA:66,1
DA:69,1
DA:70,1
DA:73,0
DA:74,0
DA:77,1
DA:80,0
DA:81,0
DA:87,1
DA:88,0
DA:89,0
DA:97,1
DA:99,1
DA:100,1
DA:101,0
DA:102,0
DA:108,1
DA:110,1
DA:111,1
DA:113,1
DA:114,1
DA:116,1
DA:118,1
DA:119,1
DA:120,1
DA:124,1
DA:125,2
DA:126,0
DA:127,0
DA:133,1
DA:135,0
DA:136,0
DA:138,1
DA:139,1
DA:140,1
DA:144,1
DA:145,2
DA:146,0
DA:147,0
DA:153,1
DA:155,0
DA:156,0
DA:158,1
DA:159,1
DA:160,1
DA:164,1
DA:165,2
DA:166,0
DA:167,0
DA:180,1
DA:181,1
DA:183,1
DA:184,1
DA:186,1
DA:188,1
DA:190,1
DA:192,1
DA:205,2
DA:207,1
DA:209,1
DA:211,1
DA:213,1
DA:214,2
DA:215,1
DA:217,1
DA:218,0
DA:219,0
DA:222,0
DA:225,1
DA:227,1
DA:228,2
DA:229,1
DA:232,0
DA:238,2
LF:94
LH:68
end_of_record
SF:lib\presentation\pages\watchlist_movies_page.dart
DA:9,1
DA:11,1
DA:12,1
DA:17,1
DA:19,1
DA:20,2
DA:21,4
DA:25,1
DA:27,1
DA:28,4
DA:31,0
DA:33,0
DA:36,1
DA:38,1
DA:40,1
DA:43,1
DA:45,1
DA:46,1
DA:47,1
DA:51,1
DA:52,1
DA:53,1
DA:54,2
DA:55,1
DA:57,2
DA:71,1
DA:73,2
DA:74,1
LF:28
LH:26
end_of_record
SF:lib\data\model\movie_response.dart
DA:7,1
DA:9,2
DA:10,2
DA:11,3
DA:12,3
DA:15,0
DA:16,0
DA:19,0
DA:20,0
LF:9
LH:5
end_of_record
SF:lib\data\repository\movie_repository_impl.dart
DA:17,1
DA:23,1
DA:25,3
DA:26,5
DA:27,1
DA:29,1
DA:31,0
DA:37,1
DA:39,3
DA:40,2
DA:41,1
DA:43,1
DA:45,0
DA:51,1
DA:53,3
DA:54,3
DA:55,1
DA:57,1
DA:59,0
DA:65,1
DA:67,3
DA:68,5
DA:69,1
DA:71,1
DA:73,0
DA:79,1
DA:81,3
DA:82,5
DA:83,1
DA:85,1
DA:87,0
DA:93,1
DA:95,3
DA:96,5
DA:97,1
DA:99,1
DA:101,0
DA:107,1
DA:110,4
DA:111,1
DA:112,1
DA:113,3
DA:120,1
DA:123,4
DA:124,1
DA:125,1
DA:126,3
DA:131,1
DA:132,3
DA:137,1
DA:138,3
DA:139,5
LF:52
LH:46
end_of_record
SF:lib\presentation\bloc\detail_movie\detail_movie_event.dart
DA:5,2
DA:7,0
DA:8,0
LF:3
LH:1
end_of_record
SF:lib\presentation\bloc\detail_movie\detail_movie_state.dart
DA:6,1
DA:7,1
DA:11,1
DA:12,1
DA:17,2
DA:19,1
DA:20,2
DA:24,1
DA:25,2
DA:28,1
LF:10
LH:10
end_of_record
SF:lib\presentation\bloc\detail_movie\detail_movie_bloc.dart
DA:14,3
DA:15,2
DA:17,1
DA:21,2
DA:22,4
DA:23,1
DA:24,1
DA:25,3
DA:27,1
DA:28,2
LF:10
LH:10
end_of_record
SF:lib\presentation\bloc\now_playing\now_playing_movie_event.dart
DA:4,2
DA:5,0
DA:6,0
LF:3
LH:1
end_of_record
SF:lib\presentation\bloc\now_playing\now_playing_movie_state.dart
DA:7,1
DA:8,1
DA:12,1
DA:13,1
DA:18,2
DA:20,1
DA:21,2
DA:25,1
DA:26,2
DA:29,1
LF:10
LH:10
end_of_record
SF:lib\presentation\bloc\now_playing\now_playing_movies_bloc.dart
DA:16,1
DA:17,2
DA:18,2
DA:21,1
DA:25,2
DA:26,3
DA:27,1
DA:28,1
DA:29,3
DA:31,1
DA:32,1
DA:33,0
DA:34,2
LF:13
LH:12
end_of_record
SF:lib\presentation\bloc\popular_movie\popular_movie_bloc_event.dart
DA:4,3
DA:6,0
DA:7,0
LF:3
LH:1
end_of_record
SF:lib\presentation\bloc\popular_movie\popular_movies_bloc_state.dart
DA:7,1
DA:8,1
DA:12,1
DA:13,1
DA:18,3
DA:20,1
DA:21,2
DA:25,1
DA:26,2
DA:29,1
LF:10
LH:10
end_of_record
SF:lib\presentation\bloc\popular_movie\popular_movies_bloc.dart
DA:15,3
DA:16,2
DA:19,1
DA:23,2
DA:24,3
DA:25,1
DA:26,1
DA:27,3
DA:29,1
DA:30,1
DA:31,0
DA:32,2
LF:12
LH:11
end_of_record
SF:lib\presentation\bloc\recommend_movie\recommended_movies_state.dart
DA:7,1
DA:8,1
DA:12,1
DA:13,1
DA:18,2
DA:20,1
DA:21,2
DA:25,1
DA:26,2
DA:29,1
LF:10
LH:10
end_of_record
SF:lib\presentation\bloc\recommend_movie\recommended_movies_event.dart
DA:5,2
DA:7,0
DA:8,0
LF:3
LH:1
end_of_record
SF:lib\presentation\bloc\recommend_movie\recommended_movies_bloc.dart
DA:16,1
DA:17,2
DA:18,2
DA:21,1
DA:25,2
DA:26,4
DA:27,1
DA:28,1
DA:29,3
DA:31,1
DA:32,1
DA:33,0
DA:34,2
LF:13
LH:12
end_of_record
SF:lib\presentation\bloc\top_rated_movie\top_rated_movies_event.dart
DA:4,3
DA:6,0
DA:7,0
LF:3
LH:1
end_of_record
SF:lib\presentation\bloc\top_rated_movie\top_rated_movies_state.dart
DA:7,1
DA:8,1
DA:12,1
DA:13,1
DA:18,3
DA:20,1
DA:21,2
DA:25,1
DA:26,2
DA:29,1
LF:10
LH:10
end_of_record
SF:lib\presentation\bloc\top_rated_movie\top_rated_movies_bloc.dart
DA:16,3
DA:17,2
DA:20,1
DA:24,2
DA:25,3
DA:26,1
DA:27,1
DA:28,3
DA:30,1
DA:31,1
DA:32,0
DA:33,2
LF:12
LH:11
end_of_record
SF:lib\presentation\bloc\watchlist_movie\watchlist_movies_state.dart
DA:4,5
DA:6,1
DA:7,1
DA:20,3
DA:21,1
DA:22,2
DA:27,3
DA:28,1
DA:29,2
DA:34,2
DA:35,1
DA:36,2
DA:41,2
DA:42,1
DA:43,2
LF:15
LH:15
end_of_record
SF:lib\presentation\bloc\watchlist_movie\watchlist_movies_bloc.dart
DA:19,1
DA:21,2
DA:22,2
DA:23,2
DA:24,3
DA:25,2
DA:26,3
DA:27,1
DA:28,1
DA:29,0
DA:30,2
DA:33,2
DA:34,2
DA:35,4
DA:36,2
DA:38,2
DA:39,1
DA:40,3
DA:41,1
DA:42,1
DA:43,3
DA:45,1
DA:46,2
DA:50,2
DA:51,1
DA:52,3
DA:53,1
DA:54,1
DA:55,3
DA:57,1
DA:58,2
LF:31
LH:30
end_of_record
SF:lib\presentation\bloc\watchlist_movie\watchlist_movies_event.dart
DA:4,4
DA:5,1
DA:6,1
DA:13,2
DA:14,1
DA:15,2
DA:20,1
DA:21,1
DA:22,2
DA:27,1
DA:28,1
DA:29,2
LF:12
LH:12
end_of_record
SF:lib\presentation\pages\movie_detail_page.dart
DA:18,1
DA:20,1
DA:21,1
DA:25,1
DA:27,1
DA:28,2
DA:29,6
DA:30,1
DA:31,1
DA:32,4
DA:33,6
DA:37,1
DA:40,2
DA:41,1
DA:43,1
DA:44,0
DA:45,0
DA:46,0
DA:47,0
DA:50,0
DA:51,0
DA:54,1
DA:55,1
DA:56,1
DA:60,1
DA:61,1
DA:63,1
DA:64,2
DA:65,0
DA:67,0
DA:69,1
DA:70,1
DA:72,1
DA:73,1
DA:74,0
DA:92,1
DA:94,1
DA:96,1
DA:98,3
DA:99,1
DA:100,1
DA:101,1
DA:102,3
DA:104,1
DA:107,0
DA:109,1
DA:111,1
DA:112,1
DA:113,1
DA:123,1
DA:124,1
DA:125,1
DA:127,1
DA:129,1
DA:131,1
DA:132,1
DA:133,2
DA:134,1
DA:136,1
DA:137,0
DA:138,0
DA:139,0
DA:140,0
DA:142,0
DA:143,0
DA:146,1
DA:148,1
DA:149,1
DA:156,1
DA:157,3
DA:159,1
DA:160,3
DA:162,1
DA:163,1
DA:164,1
DA:165,3
DA:167,1
DA:173,4
DA:177,1
DA:179,1
DA:181,1
DA:182,2
DA:185,1
DA:187,1
DA:189,1
DA:191,1
DA:192,1
DA:196,1
DA:197,0
DA:198,1
DA:199,1
DA:200,1
DA:204,1
DA:206,1
DA:208,1
DA:209,1
DA:210,1
DA:212,1
DA:213,0
DA:214,0
DA:217,0
DA:220,1
DA:225,1
DA:227,2
DA:228,1
DA:234,0
DA:241,1
DA:245,0
DA:253,1
DA:255,1
DA:268,1
DA:270,1
DA:273,1
DA:275,0
DA:276,0
DA:285,1
DA:287,2
DA:288,3
DA:290,1
DA:293,3
DA:296,1
DA:297,1
DA:298,1
DA:299,1
DA:300,1
DA:302,0
LF:126
LH:101
end_of_record
SF:lib\presentation\pages\popular_movies_page.dart
DA:9,1
DA:11,1
DA:12,1
DA:16,1
DA:18,1
DA:19,2
DA:20,4
DA:24,1
DA:26,1
DA:28,1
DA:31,1
DA:33,1
DA:34,1
DA:35,1
DA:39,1
DA:40,1
DA:41,1
DA:42,2
DA:43,1
DA:45,2
LF:20
LH:20
end_of_record
SF:lib\presentation\pages\top_rated_movies_page.dart
DA:9,1
DA:11,1
DA:12,1
DA:16,1
DA:18,1
DA:19,2
DA:20,4
DA:24,1
DA:26,1
DA:28,1
DA:31,1
DA:33,1
DA:34,1
DA:35,1
DA:39,1
DA:40,1
DA:41,1
DA:42,2
DA:43,1
DA:45,2
LF:20
LH:20
end_of_record
